  Application.cpp
H:\dev\FirstEngine\FirstEngine\src\FirstEngine\Layer.h(21,15): warning C4251: “FirstEngine::Layer::m_DebugName”: class“std::basic_string<char,std::char_traits<char>,std::allocator<char>>”需要有 dll 接口由 class“FirstEngine::Layer”的客户端使用
E:\Program Files (x86)\Microsoft Visual Studio\2022\Community\VC\Tools\MSVC\14.35.32215\include\xstring(5300,29): message : 参见“std::basic_string<char,std::char_traits<char>,std::allocator<char>>”的声明
H:\dev\FirstEngine\FirstEngine\src\FirstEngine\Application.h(31,27): warning C4251: “FirstEngine::Application::m_Window”: class“std::unique_ptr<FirstEngine::Window,std::default_delete<FirstEngine::Window>>”需要有 dll 接口由 class“FirstEngine::Application”的客户端使用
H:\dev\FirstEngine\FirstEngine\src\FirstEngine\Application.h(31,8): message : 参见“std::unique_ptr<FirstEngine::Window,std::default_delete<FirstEngine::Window>>”的声明
H:\dev\FirstEngine\FirstEngine\src\FirstEngine\Application.h(33,14): warning C4251: “FirstEngine::Application::m_LayerStack”: class“FirstEngine::LayerStack”需要有 dll 接口由 class“FirstEngine::Application”的客户端使用
H:\dev\FirstEngine\FirstEngine\src\FirstEngine\LayerStack.h(7,8): message : 参见“FirstEngine::LayerStack”的声明
  ImGuiLayer.cpp
H:\dev\FirstEngine\FirstEngine\src\FirstEngine\Layer.h(21,15): warning C4251: “FirstEngine::Layer::m_DebugName”: class“std::basic_string<char,std::char_traits<char>,std::allocator<char>>”需要有 dll 接口由 class“FirstEngine::Layer”的客户端使用
E:\Program Files (x86)\Microsoft Visual Studio\2022\Community\VC\Tools\MSVC\14.35.32215\include\xstring(5300,29): message : 参见“std::basic_string<char,std::char_traits<char>,std::allocator<char>>”的声明
H:\dev\FirstEngine\FirstEngine\vendor\imgui\imgui.h(74,1): warning C4005: “IMGUI_VERSION”: 宏重定义
H:\dev\FirstEngine\FirstEngine\vendor\imgui\imgui.h(25,1): message : 参见“IMGUI_VERSION”的前一个定义
H:\dev\FirstEngine\FirstEngine\vendor\imgui\imgui.h(75,1): warning C4005: “IMGUI_VERSION_NUM”: 宏重定义
H:\dev\FirstEngine\FirstEngine\vendor\imgui\imgui.h(26,1): message : 参见“IMGUI_VERSION_NUM”的前一个定义
H:\dev\FirstEngine\FirstEngine\src\FirstEngine\Application.h(31,27): warning C4251: “FirstEngine::Application::m_Window”: class“std::unique_ptr<FirstEngine::Window,std::default_delete<FirstEngine::Window>>”需要有 dll 接口由 class“FirstEngine::Application”的客户端使用
H:\dev\FirstEngine\FirstEngine\src\FirstEngine\Application.h(31,8): message : 参见“std::unique_ptr<FirstEngine::Window,std::default_delete<FirstEngine::Window>>”的声明
H:\dev\FirstEngine\FirstEngine\src\FirstEngine\Application.h(33,14): warning C4251: “FirstEngine::Application::m_LayerStack”: class“FirstEngine::LayerStack”需要有 dll 接口由 class“FirstEngine::Application”的客户端使用
H:\dev\FirstEngine\FirstEngine\src\FirstEngine\LayerStack.h(7,8): message : 参见“FirstEngine::LayerStack”的声明
H:\dev\FirstEngine\FirstEngine\src\FirstEngine\ImGui\ImGuiLayer.cpp(144,86): warning C4244: “参数”: 从“unsigned int”转换到“float”，可能丢失数据
H:\dev\FirstEngine\FirstEngine\src\FirstEngine\ImGui\ImGuiLayer.cpp(144,57): warning C4244: “参数”: 从“unsigned int”转换到“float”，可能丢失数据
  Layer.cpp
H:\dev\FirstEngine\FirstEngine\src\FirstEngine\Layer.h(21,15): warning C4251: “FirstEngine::Layer::m_DebugName”: class“std::basic_string<char,std::char_traits<char>,std::allocator<char>>”需要有 dll 接口由 class“FirstEngine::Layer”的客户端使用
E:\Program Files (x86)\Microsoft Visual Studio\2022\Community\VC\Tools\MSVC\14.35.32215\include\xstring(5300,29): message : 参见“std::basic_string<char,std::char_traits<char>,std::allocator<char>>”的声明
  LayerStack.cpp
H:\dev\FirstEngine\FirstEngine\src\FirstEngine\Layer.h(21,15): warning C4251: “FirstEngine::Layer::m_DebugName”: class“std::basic_string<char,std::char_traits<char>,std::allocator<char>>”需要有 dll 接口由 class“FirstEngine::Layer”的客户端使用
E:\Program Files (x86)\Microsoft Visual Studio\2022\Community\VC\Tools\MSVC\14.35.32215\include\xstring(5300,29): message : 参见“std::basic_string<char,std::char_traits<char>,std::allocator<char>>”的声明
  WindowsWindow.cpp
  正在生成代码...
    正在创建库 ..\bin\Debug-windows-x86_64\FirstEngine\FirstEngine.lib 和对象 ..\bin\Debug-windows-x86_64\FirstEngine\FirstEngine.exp
LINK : warning LNK4098: 默认库“LIBCMT”与其他库的使用冲突；请使用 /NODEFAULTLIB:library
  FirstEngine.vcxproj -> H:\dev\FirstEngine\bin\Debug-windows-x86_64\FirstEngine\FirstEngine.dll
