h:\dev\firstengine\bin-int\debug-x64\firstengine\vc143.pdb
h:\dev\firstengine\bin-int\debug-x64\firstengine\vc143.idb
h:\dev\firstengine\bin-int\debug-x64\firstengine\application.obj
h:\dev\firstengine\bin-int\debug-x64\firstengine\firstengine.obj
h:\dev\firstengine\bin\debug-x64\firstengine\firstengine.lib
h:\dev\firstengine\bin\debug-x64\firstengine\firstengine.exp
h:\dev\firstengine\bin\debug-x64\firstengine\firstengine.pdb
h:\dev\firstengine\bin-int\debug-x64\firstengine\firstengine.vcxproj.filelistabsolute.txt
h:\dev\firstengine\bin-int\debug-x64\firstengine\firstengine.tlog\cl.command.1.tlog
h:\dev\firstengine\bin-int\debug-x64\firstengine\firstengine.tlog\cl.read.1.tlog
h:\dev\firstengine\bin-int\debug-x64\firstengine\firstengine.tlog\cl.write.1.tlog
h:\dev\firstengine\bin-int\debug-x64\firstengine\firstengine.tlog\link-cvtres.read.1.tlog
h:\dev\firstengine\bin-int\debug-x64\firstengine\firstengine.tlog\link-cvtres.write.1.tlog
h:\dev\firstengine\bin-int\debug-x64\firstengine\firstengine.tlog\link-rc.read.1.tlog
h:\dev\firstengine\bin-int\debug-x64\firstengine\firstengine.tlog\link-rc.write.1.tlog
h:\dev\firstengine\bin-int\debug-x64\firstengine\firstengine.tlog\link.20616-cvtres.read.1.tlog
h:\dev\firstengine\bin-int\debug-x64\firstengine\firstengine.tlog\link.20616-cvtres.write.1.tlog
h:\dev\firstengine\bin-int\debug-x64\firstengine\firstengine.tlog\link.20616-rc.read.1.tlog
h:\dev\firstengine\bin-int\debug-x64\firstengine\firstengine.tlog\link.20616-rc.write.1.tlog
h:\dev\firstengine\bin-int\debug-x64\firstengine\firstengine.tlog\link.20616.read.1.tlog
h:\dev\firstengine\bin-int\debug-x64\firstengine\firstengine.tlog\link.20616.read.2.tlog
h:\dev\firstengine\bin-int\debug-x64\firstengine\firstengine.tlog\link.20616.write.1.tlog
h:\dev\firstengine\bin-int\debug-x64\firstengine\firstengine.tlog\link.command.1.tlog
h:\dev\firstengine\bin-int\debug-x64\firstengine\firstengine.tlog\link.read.1.tlog
h:\dev\firstengine\bin-int\debug-x64\firstengine\firstengine.tlog\link.read.2.tlog
h:\dev\firstengine\bin-int\debug-x64\firstengine\firstengine.tlog\link.write.1.tlog
h:\dev\firstengine\bin-int\debug-x64\firstengine\firstengine.tlog\link.write.2u.tlog
